\BOOKMARK [0][-]{TOC.0}{Table\040of\040Contents}{}% 1
\BOOKMARK [0][-]{chapter*.4}{Preface}{}% 2
\BOOKMARK [0][-]{chapter*.5}{Introduction}{}% 3
\BOOKMARK [1][-]{section*.6}{History\040of\040the\040STEDT\040Project}{chapter*.5}% 4
\BOOKMARK [1][-]{section*.7}{Original\040Plan\040of\040STEDT}{chapter*.5}% 5
\BOOKMARK [1][-]{section*.8}{The\040ST/TB\040Family\040in\040its\040Areal\040Context}{chapter*.5}% 6
\BOOKMARK [2][-]{subsection*.9}{Typological\040diversity\040of\040TB:\040Indosphere\040and\040Sinosphere}{section*.8}% 7
\BOOKMARK [2][-]{subsection*.10}{Scope\040and\040subgrouping\040of\040the\040TB\040family}{section*.8}% 8
\BOOKMARK [2][-]{subsection*.11}{Evolving\040notions\040of\040ST/TB\040subgrouping}{section*.8}% 9
\BOOKMARK [2][-]{subsection*.13}{Teleo-\040and\040meso-reconstruction}{section*.8}% 10
\BOOKMARK [2][-]{subsection*.14}{The\040problem\040of\040nomenclature}{section*.8}% 11
\BOOKMARK [1][-]{section*.15}{Special\040Challenges\040for\040ST/Eytmologization}{chapter*.5}% 12
\BOOKMARK [1][-]{section*.16}{Phonological\040System\040of\040Proto-Tibeto-Burman}{chapter*.5}% 13
\BOOKMARK [1][-]{section*.17}{Organization\040of\040the\040Etymologies}{chapter*.5}% 14
\BOOKMARK [2][-]{subsection*.18}{The “tagging” process}{section*.17}% 15
\BOOKMARK [2][-]{subsection*.19}{Supporting\040forms\040and\040their\040attribution}{section*.17}% 16
\BOOKMARK [2][-]{subsection*.24}{Glosses\040of\040the\040supporting\040forms}{section*.17}% 17
\BOOKMARK [2][-]{subsection*.25}{Notes}{section*.17}% 18
\BOOKMARK [2][-]{subsection*.26}{Chinese\040comparanda}{section*.17}% 19
\BOOKMARK [2][-]{subsection*.27}{Treatment\040of\040loanwords}{section*.17}% 20
\BOOKMARK [1][-]{section*.28}{The\040Representation\040of\040Semantic\040Associations}{chapter*.5}% 21
\BOOKMARK [2][-]{subsection*.29}{Regularity\040and\040variation}{section*.28}% 22
\BOOKMARK [2][-]{subsection*.30}{Notational\040conventions\040and\040pan-allofamic\040formulas}{section*.28}% 23
\BOOKMARK [2][-]{subsection*.31}{Parallel\040but\040surprising\040examples}{section*.28}% 24
\BOOKMARK [2][-]{subsection*.32}{Notational\040conventions\040with\040respect\040to\040variation}{section*.28}% 25
\BOOKMARK [2][-]{subsection*.33}{Similarities\040and\040differences\040between\040Tibeto-Burman\040and\040Indo-European\040patterns\040of\040variation}{section*.28}% 26
\BOOKMARK [2][-]{subsection*.41}{More\040on\040the\040concept\040of\040word\040family:\040blood\040relatives\040vs.\040adoptive\040ones}{section*.28}% 27
\BOOKMARK [2][-]{subsection*.42}{Etymological\040accuracy\040and\040rectification\040of\040possible\040errors}{section*.28}% 28
\BOOKMARK [2][-]{subsection*.48}{Desiderata\040for\040the\040future}{section*.28}% 29
\BOOKMARK [0][-]{chapter*.49}{Acknowledgments}{}% 30
\BOOKMARK [1][-]{section*.50}{NSF\040and\040NEH\040Support}{chapter*.49}% 31
\BOOKMARK [1][-]{section*.51}{Administrators}{chapter*.49}% 32
\BOOKMARK [1][-]{section*.52}{Contributors}{chapter*.49}% 33
\BOOKMARK [1][-]{section*.53}{STEDTniks}{chapter*.49}% 34
\BOOKMARK [1][-]{section*.55}{Complete\040List\040of\040STEDTniks}{chapter*.49}% 36
\BOOKMARK [1][-]{section*.54}{Visiting\040Scholars}{chapter*.49}% 35
\BOOKMARK [0][-]{chapter*.56}{Conventions}{}% 37
\BOOKMARK [0][-]{TOC.0}{The\040Dictionary-Thesaurus}{}% 38
\BOOKMARK [-1][-]{chapter*.57}{References}{}% 39
\BOOKMARK [-1][-]{section*.58}{List\040of\040Languages}{}% 40
